{'DC:A6:32:33:B0:60': ['246a04da-b898-11ea-8ad5-dca63233b05e', 1, 1, 1, -31]}
{'DC:A6:32:33:B0:60': ['246a04da-b898-11ea-8ad5-dca63233b05e', 1, 1, 1, -24]}
{'DC:A6:32:33:B0:60': ['246a04da-b898-11ea-8ad5-dca63233b05e', 1, 1, 1, -28]}
{'DC:A6:32:33:B0:60': ['246a04da-b898-11ea-8ad5-dca63233b05e', 1, 1, 1, -23]}
{'DC:A6:32:33:B0:60': ['246a04da-b898-11ea-8ad5-dca63233b05e', 1, 1, 1, -31]}
{'DC:A6:32:33:B0:60': ['246a04da-b898-11ea-8ad5-dca63233b05e', 1, 1, 1, -31]}
{'DC:A6:32:33:B0:60': ['246a04da-b898-11ea-8ad5-dca63233b05e', 1, 1, 1, -24]}
{'DC:A6:32:33:B0:60': ['246a04da-b898-11ea-8ad5-dca63233b05e', 1, 1, 1, -21]}
{'DC:A6:32:33:B0:60': ['246a04da-b898-11ea-8ad5-dca63233b05e', 1, 1, 1, -28]}
{'DC:A6:32:33:B0:60': ['246a04da-b898-11ea-8ad5-dca63233b05e', 1, 1, 1, -28]}
{'DC:A6:32:33:B0:60': ['246a04da-b898-11ea-8ad5-dca63233b05e', 1, 1, 1, -29]}
{'DC:A6:32:33:B0:60': ['246a04da-b898-11ea-8ad5-dca63233b05e', 1, 1, 1, -24]}
{'DC:A6:32:33:B0:60': ['246a04da-b898-11ea-8ad5-dca63233b05e', 1, 1, 1, -28]}
{'DC:A6:32:33:B0:60': ['246a04da-b898-11ea-8ad5-dca63233b05e', 1, 1, 1, -28]}
{'DC:A6:32:33:B0:60': ['246a04da-b898-11ea-8ad5-dca63233b05e', 1, 1, 1, -23]}
{'DC:A6:32:33:B0:60': ['246a04da-b898-11ea-8ad5-dca63233b05e', 1, 1, 1, -28]}
{'DC:A6:32:33:B0:60': ['246a04da-b898-11ea-8ad5-dca63233b05e', 1, 1, 1, -22]}
{'DC:A6:32:33:B0:60': ['246a04da-b898-11ea-8ad5-dca63233b05e', 1, 1, 1, -28]}
{'DC:A6:32:33:B0:60': ['246a04da-b898-11ea-8ad5-dca63233b05e', 1, 1, 1, -23]}
{'DC:A6:32:33:B0:60': ['246a04da-b898-11ea-8ad5-dca63233b05e', 1, 1, 1, -28]}
{'DC:A6:32:33:B0:60': ['246a04da-b898-11ea-8ad5-dca63233b05e', 1, 1, 1, -23]}
{'DC:A6:32:33:B0:60': ['246a04da-b898-11ea-8ad5-dca63233b05e', 1, 1, 1, -24]}
{'DC:A6:32:33:B0:60': ['246a04da-b898-11ea-8ad5-dca63233b05e', 1, 1, 1, -23]}
{'DC:A6:32:33:B0:60': ['246a04da-b898-11ea-8ad5-dca63233b05e', 1, 1, 1, -28]}
{'DC:A6:32:33:B0:60': ['246a04da-b898-11ea-8ad5-dca63233b05e', 1, 1, 1, -31]}
{'DC:A6:32:33:B0:60': ['246a04da-b898-11ea-8ad5-dca63233b05e', 1, 1, 1, -21]}
{'DC:A6:32:33:B0:60': ['246a04da-b898-11ea-8ad5-dca63233b05e', 1, 1, 1, -28]}
{'DC:A6:32:33:B0:60': ['246a04da-b898-11ea-8ad5-dca63233b05e', 1, 1, 1, -29]}
{'DC:A6:32:33:B0:60': ['246a04da-b898-11ea-8ad5-dca63233b05e', 1, 1, 1, -23]}
{'DC:A6:32:33:B0:60': ['246a04da-b898-11ea-8ad5-dca63233b05e', 1, 1, 1, -28]}
{'DC:A6:32:33:B0:60': ['246a04da-b898-11ea-8ad5-dca63233b05e', 1, 1, 1, -28]}
{'DC:A6:32:33:B0:60': ['246a04da-b898-11ea-8ad5-dca63233b05e', 1, 1, 1, -31]}
{'DC:A6:32:33:B0:60': ['246a04da-b898-11ea-8ad5-dca63233b05e', 1, 1, 1, -28]}
{'DC:A6:32:33:B0:60': ['246a04da-b898-11ea-8ad5-dca63233b05e', 1, 1, 1, -31]}
{'DC:A6:32:33:B0:60': ['246a04da-b898-11ea-8ad5-dca63233b05e', 1, 1, 1, -29]}
{'DC:A6:32:33:B0:60': ['246a04da-b898-11ea-8ad5-dca63233b05e', 1, 1, 1, -24]}
{'DC:A6:32:33:B0:60': ['246a04da-b898-11ea-8ad5-dca63233b05e', 1, 1, 1, -28]}
{'DC:A6:32:33:B0:60': ['246a04da-b898-11ea-8ad5-dca63233b05e', 1, 1, 1, -23]}
{'DC:A6:32:33:B0:60': ['246a04da-b898-11ea-8ad5-dca63233b05e', 1, 1, 1, -31]}
{'DC:A6:32:33:B0:60': ['246a04da-b898-11ea-8ad5-dca63233b05e', 1, 1, 1, -28]}
{'DC:A6:32:33:B0:60': ['246a04da-b898-11ea-8ad5-dca63233b05e', 1, 1, 1, -29]}
