2020-07-02 11:22:13,118   pi_pact      DEBUG      Beacon configuration - {'control_file': 'advertiser_control', 'timeout': 0.0, 'uuid': '', 'major': 1, 'minor': 1, 'tx_power': 1, 'interval': 200}
2020-07-02 11:22:13,119   pi_pact      DEBUG      Scanner configuration - {'control_file': 'scanner_control', 'scan_prefix': 'pi_pact_scan', 'timeout': 0.0, 'revisit': 1, 'filters': {}}
2020-07-02 11:22:13,120   pi_pact      INFO       Beacon scanner mode selected.
2020-07-02 11:22:13,121   pi_pact      DEBUG      Using default beacon scanner configuration timeout: None.
2020-07-02 11:22:13,122   pi_pact      DEBUG      Using default beacon scanner configuration filters: {}.
2020-07-02 11:22:13,122   pi_pact      INFO       Initialized beacon scanner.
2020-07-02 11:22:13,125   pi_pact      INFO       Starting beacon scanner with timeout None.
2020-07-02 11:22:13,125   pi_pact      DEBUG      Performing scan #1 at revisit 1.
2020-07-02 11:22:14,398   pi_pact      DEBUG      Performing scan #2 at revisit 1.
2020-07-02 11:22:15,138   pi_pact      DEBUG      Performing scan #3 at revisit 1.
2020-07-02 11:22:16,068   pi_pact      DEBUG      Performing scan #4 at revisit 1.
2020-07-02 11:22:17,148   pi_pact      DEBUG      Performing scan #5 at revisit 1.
2020-07-02 11:22:18,826   pi_pact      DEBUG      Performing scan #6 at revisit 1.
2020-07-02 11:22:19,068   pi_pact      DEBUG      Performing scan #7 at revisit 1.
2020-07-02 11:22:20,833   pi_pact      DEBUG      Performing scan #8 at revisit 1.
2020-07-02 11:22:21,095   pi_pact      DEBUG      Performing scan #9 at revisit 1.
2020-07-02 11:22:22,205   pi_pact      DEBUG      Performing scan #10 at revisit 1.
2020-07-02 11:22:23,087   pi_pact      DEBUG      Performing scan #11 at revisit 1.
2020-07-02 11:22:25,092   pi_pact      DEBUG      Performing scan #12 at revisit 1.
2020-07-02 11:22:26,695   pi_pact      DEBUG      Performing scan #13 at revisit 1.
2020-07-02 11:22:27,083   pi_pact      DEBUG      Performing scan #14 at revisit 1.
2020-07-02 11:22:29,089   pi_pact      DEBUG      Performing scan #15 at revisit 1.
2020-07-02 11:22:31,094   pi_pact      DEBUG      Performing scan #16 at revisit 1.
2020-07-02 11:22:33,099   pi_pact      DEBUG      Performing scan #17 at revisit 1.
2020-07-02 11:22:34,868   pi_pact      DEBUG      Performing scan #18 at revisit 1.
2020-07-02 11:22:35,064   pi_pact      DEBUG      Performing scan #19 at revisit 1.
2020-07-02 11:22:36,867   pi_pact      DEBUG      Performing scan #20 at revisit 1.
2020-07-02 11:22:37,100   pi_pact      DEBUG      Performing scan #21 at revisit 1.
2020-07-02 11:22:38,055   pi_pact      DEBUG      Performing scan #22 at revisit 1.
2020-07-02 11:22:39,087   pi_pact      DEBUG      Performing scan #23 at revisit 1.
2020-07-02 11:22:40,880   pi_pact      DEBUG      Performing scan #24 at revisit 1.
2020-07-02 11:22:41,164   pi_pact      DEBUG      Performing scan #25 at revisit 1.
2020-07-02 11:22:42,025   pi_pact      DEBUG      Performing scan #26 at revisit 1.
2020-07-02 11:22:44,031   pi_pact      DEBUG      Performing scan #27 at revisit 1.
2020-07-02 11:22:46,036   pi_pact      DEBUG      Performing scan #28 at revisit 1.
2020-07-02 11:22:48,041   pi_pact      DEBUG      Performing scan #29 at revisit 1.
2020-07-02 11:22:50,046   pi_pact      DEBUG      Performing scan #30 at revisit 1.
2020-07-02 11:22:52,051   pi_pact      DEBUG      Performing scan #31 at revisit 1.
2020-07-02 11:22:53,274   pi_pact      DEBUG      Performing scan #32 at revisit 1.
2020-07-02 11:22:54,043   pi_pact      DEBUG      Performing scan #33 at revisit 1.
2020-07-02 11:22:55,076   pi_pact      DEBUG      Performing scan #34 at revisit 1.
2020-07-02 11:22:56,906   pi_pact      DEBUG      Performing scan #35 at revisit 1.
2020-07-02 11:22:57,068   pi_pact      DEBUG      Performing scan #36 at revisit 1.
2020-07-02 11:22:58,913   pi_pact      DEBUG      Performing scan #37 at revisit 1.
2020-07-02 11:22:59,047   pi_pact      DEBUG      Performing scan #38 at revisit 1.
2020-07-02 11:23:00,921   pi_pact      DEBUG      Performing scan #39 at revisit 1.
2020-07-02 11:23:01,004   pi_pact      DEBUG      Performing scan #40 at revisit 1.
2020-07-02 11:23:02,927   pi_pact      DEBUG      Performing scan #41 at revisit 1.
2020-07-02 11:23:03,034   pi_pact      DEBUG      Performing scan #42 at revisit 1.
2020-07-02 11:23:04,935   pi_pact      DEBUG      Performing scan #43 at revisit 1.
2020-07-02 11:23:05,073   pi_pact      DEBUG      Performing scan #44 at revisit 1.
2020-07-02 11:23:06,938   pi_pact      DEBUG      Performing scan #45 at revisit 1.
2020-07-02 11:23:07,048   pi_pact      DEBUG      Performing scan #46 at revisit 1.
2020-07-02 11:23:09,053   pi_pact      DEBUG      Performing scan #47 at revisit 1.
2020-07-02 11:23:10,448   pi_pact      DEBUG      Performing scan #48 at revisit 1.
2020-07-02 11:23:11,095   pi_pact      DEBUG      Performing scan #49 at revisit 1.
2020-07-02 11:23:12,948   pi_pact      DEBUG      Performing scan #50 at revisit 1.
2020-07-02 11:23:13,055   pi_pact      DEBUG      Performing scan #51 at revisit 1.
2020-07-02 11:23:15,059   pi_pact      DEBUG      Performing scan #52 at revisit 1.
2020-07-02 11:23:17,065   pi_pact      DEBUG      Performing scan #53 at revisit 1.
2020-07-02 11:23:18,310   pi_pact      DEBUG      Performing scan #54 at revisit 1.
2020-07-02 11:23:19,343   pi_pact      DEBUG      Performing scan #55 at revisit 1.
2020-07-02 11:23:20,056   pi_pact      DEBUG      Performing scan #56 at revisit 1.
2020-07-02 11:23:21,123   pi_pact      DEBUG      Performing scan #57 at revisit 1.
2020-07-02 11:23:22,046   pi_pact      DEBUG      Performing scan #58 at revisit 1.
2020-07-02 11:23:23,458   pi_pact      DEBUG      Performing scan #59 at revisit 1.
2020-07-02 11:23:24,145   pi_pact      DEBUG      Performing scan #60 at revisit 1.
2020-07-02 11:23:26,150   pi_pact      DEBUG      Performing scan #61 at revisit 1.
2020-07-02 11:23:27,306   pi_pact      DEBUG      Performing scan #62 at revisit 1.
2020-07-02 11:23:28,345   pi_pact      DEBUG      Performing scan #63 at revisit 1.
2020-07-02 11:23:29,125   pi_pact      DEBUG      Performing scan #64 at revisit 1.
2020-07-02 11:23:31,129   pi_pact      DEBUG      Performing scan #65 at revisit 1.
2020-07-02 11:23:33,135   pi_pact      DEBUG      Performing scan #66 at revisit 1.
2020-07-02 11:23:34,279   pi_pact      DEBUG      Performing scan #67 at revisit 1.
2020-07-02 11:23:36,284   pi_pact      DEBUG      Performing scan #68 at revisit 1.
2020-07-02 11:23:38,289   pi_pact      DEBUG      Performing scan #69 at revisit 1.
2020-07-02 11:23:39,034   pi_pact      DEBUG      Performing scan #70 at revisit 1.
2020-07-02 11:23:41,039   pi_pact      DEBUG      Performing scan #71 at revisit 1.
2020-07-02 11:23:43,015   pi_pact      DEBUG      Performing scan #72 at revisit 1.
2020-07-02 11:23:45,017   pi_pact      DEBUG      Performing scan #73 at revisit 1.
2020-07-02 11:23:46,595   pi_pact      DEBUG      Performing scan #74 at revisit 1.
2020-07-02 11:23:47,369   pi_pact      DEBUG      Performing scan #75 at revisit 1.
2020-07-02 11:23:49,026   pi_pact      DEBUG      Performing scan #76 at revisit 1.
2020-07-02 11:23:51,033   pi_pact      DEBUG      Performing scan #77 at revisit 1.
2020-07-02 11:23:53,038   pi_pact      DEBUG      Performing scan #78 at revisit 1.
2020-07-02 11:23:54,356   pi_pact      DEBUG      Performing scan #79 at revisit 1.
2020-07-02 11:23:55,396   pi_pact      DEBUG      Performing scan #80 at revisit 1.
2020-07-02 11:23:56,116   pi_pact      DEBUG      Performing scan #81 at revisit 1.
2020-07-02 11:23:57,049   pi_pact      DEBUG      Performing scan #82 at revisit 1.
2020-07-02 11:31:26,726   pi_pact      DEBUG      Beacon configuration - {'control_file': 'advertiser_control', 'timeout': 0.0, 'uuid': '', 'major': 1, 'minor': 1, 'tx_power': 1, 'interval': 200}
2020-07-02 11:31:26,726   pi_pact      DEBUG      Scanner configuration - {'control_file': 'scanner_control', 'scan_prefix': 'pi_pact_scan', 'timeout': 0.0, 'revisit': 1, 'filters': {}}
2020-07-02 11:31:26,726   pi_pact      INFO       Beacon scanner mode selected.
2020-07-02 11:31:26,728   pi_pact      DEBUG      Using default beacon scanner configuration timeout: None.
2020-07-02 11:31:26,728   pi_pact      DEBUG      Using default beacon scanner configuration filters: {}.
2020-07-02 11:31:26,729   pi_pact      INFO       Initialized beacon scanner.
2020-07-02 11:31:26,732   pi_pact      INFO       Starting beacon scanner with timeout None.
2020-07-02 11:31:26,733   pi_pact      DEBUG      Performing scan #1 at revisit 1.
2020-07-02 11:31:27,030   pi_pact      DEBUG      Performing scan #2 at revisit 1.
2020-07-02 11:31:28,210   pi_pact      DEBUG      Performing scan #3 at revisit 1.
2020-07-02 11:31:30,216   pi_pact      DEBUG      Performing scan #4 at revisit 1.
2020-07-02 11:31:31,276   pi_pact      DEBUG      Performing scan #5 at revisit 1.
2020-07-02 11:31:32,216   pi_pact      DEBUG      Performing scan #6 at revisit 1.
2020-07-02 11:31:33,206   pi_pact      DEBUG      Performing scan #7 at revisit 1.
2020-07-02 11:31:34,221   pi_pact      DEBUG      Performing scan #8 at revisit 1.
2020-07-02 11:31:35,649   pi_pact      DEBUG      Performing scan #9 at revisit 1.
2020-07-02 11:31:36,221   pi_pact      DEBUG      Performing scan #10 at revisit 1.
2020-07-02 11:31:38,225   pi_pact      DEBUG      Performing scan #11 at revisit 1.
2020-07-02 11:31:39,542   pi_pact      DEBUG      Performing scan #12 at revisit 1.
2020-07-02 11:31:40,077   pi_pact      DEBUG      Performing scan #13 at revisit 1.
2020-07-02 11:31:41,336   pi_pact      DEBUG      Performing scan #14 at revisit 1.
2020-07-02 11:31:42,228   pi_pact      DEBUG      Performing scan #15 at revisit 1.
2020-07-02 11:31:44,231   pi_pact      DEBUG      Performing scan #16 at revisit 1.
2020-07-02 11:31:46,236   pi_pact      DEBUG      Performing scan #17 at revisit 1.
2020-07-02 11:31:48,239   pi_pact      DEBUG      Performing scan #18 at revisit 1.
2020-07-02 11:31:50,241   pi_pact      DEBUG      Performing scan #19 at revisit 1.
2020-07-02 11:31:52,246   pi_pact      DEBUG      Performing scan #20 at revisit 1.
2020-07-02 11:31:53,971   pi_pact      DEBUG      Performing scan #21 at revisit 1.
2020-07-02 11:31:54,025   pi_pact      DEBUG      Performing scan #22 at revisit 1.
2020-07-02 11:31:56,030   pi_pact      DEBUG      Performing scan #23 at revisit 1.
2020-07-02 11:31:58,039   pi_pact      DEBUG      Performing scan #24 at revisit 1.
2020-07-02 11:32:00,043   pi_pact      DEBUG      Performing scan #25 at revisit 1.
2020-07-02 11:32:02,048   pi_pact      DEBUG      Performing scan #26 at revisit 1.
2020-07-02 11:32:04,053   pi_pact      DEBUG      Performing scan #27 at revisit 1.
2020-07-02 11:32:43,320   pi_pact      DEBUG      Beacon configuration - {'control_file': 'advertiser_control', 'timeout': 0.0, 'uuid': '', 'major': 1, 'minor': 1, 'tx_power': 1, 'interval': 200}
2020-07-02 11:32:43,321   pi_pact      DEBUG      Scanner configuration - {'control_file': 'scanner_control', 'scan_prefix': 'pi_pact_scan', 'timeout': 0.0, 'revisit': 1, 'filters': {}}
2020-07-02 11:32:43,321   pi_pact      INFO       Beacon scanner mode selected.
2020-07-02 11:32:43,323   pi_pact      DEBUG      Using default beacon scanner configuration timeout: None.
2020-07-02 11:32:43,323   pi_pact      DEBUG      Using default beacon scanner configuration filters: {}.
2020-07-02 11:32:43,323   pi_pact      INFO       Initialized beacon scanner.
2020-07-02 11:32:43,326   pi_pact      INFO       Starting beacon scanner with timeout None.
2020-07-02 11:32:43,327   pi_pact      DEBUG      Performing scan #1 at revisit 1.
2020-07-02 11:32:44,359   pi_pact      DEBUG      Performing scan #2 at revisit 1.
2020-07-02 11:32:46,361   pi_pact      DEBUG      Performing scan #3 at revisit 1.
2020-07-02 11:32:47,142   pi_pact      DEBUG      Performing scan #4 at revisit 1.
2020-07-02 11:33:30,141   pi_pact      DEBUG      Beacon configuration - {'control_file': 'advertiser_control', 'timeout': 0.0, 'uuid': '', 'major': 1, 'minor': 1, 'tx_power': 1, 'interval': 200}
2020-07-02 11:33:30,141   pi_pact      DEBUG      Scanner configuration - {'control_file': 'scanner_control', 'scan_prefix': 'pi_pact_scan', 'timeout': 0.0, 'revisit': 1, 'filters': {}}
2020-07-02 11:33:30,141   pi_pact      INFO       Beacon scanner mode selected.
2020-07-02 11:33:30,143   pi_pact      DEBUG      Using default beacon scanner configuration timeout: None.
2020-07-02 11:33:30,143   pi_pact      DEBUG      Using default beacon scanner configuration filters: {}.
2020-07-02 11:33:30,144   pi_pact      INFO       Initialized beacon scanner.
2020-07-02 11:33:30,147   pi_pact      INFO       Starting beacon scanner with timeout None.
2020-07-02 11:33:30,147   pi_pact      DEBUG      Performing scan #1 at revisit 1.
2020-07-02 11:33:31,105   pi_pact      DEBUG      Performing scan #2 at revisit 1.
2020-07-02 11:33:32,285   pi_pact      DEBUG      Performing scan #3 at revisit 1.
2020-07-02 11:33:34,290   pi_pact      DEBUG      Performing scan #4 at revisit 1.
2020-07-02 11:33:36,295   pi_pact      DEBUG      Performing scan #5 at revisit 1.
2020-07-02 11:33:38,300   pi_pact      DEBUG      Performing scan #6 at revisit 1.
2020-07-02 11:33:40,305   pi_pact      DEBUG      Performing scan #7 at revisit 1.
2020-07-02 11:33:41,345   pi_pact      DEBUG      Performing scan #8 at revisit 1.
2020-07-02 11:33:42,326   pi_pact      DEBUG      Performing scan #9 at revisit 1.
2020-07-02 11:33:43,319   pi_pact      DEBUG      Performing scan #10 at revisit 1.
2020-07-02 11:33:45,324   pi_pact      DEBUG      Performing scan #11 at revisit 1.
2020-07-02 11:33:46,526   pi_pact      DEBUG      Performing scan #12 at revisit 1.
2020-07-02 11:33:47,025   pi_pact      DEBUG      Performing scan #13 at revisit 1.
2020-07-02 11:33:49,030   pi_pact      DEBUG      Performing scan #14 at revisit 1.
2020-07-02 11:33:50,162   pi_pact      DEBUG      Performing scan #15 at revisit 1.
2020-07-02 11:33:52,167   pi_pact      DEBUG      Performing scan #16 at revisit 1.
2020-07-02 11:33:54,172   pi_pact      DEBUG      Performing scan #17 at revisit 1.
2020-07-02 11:33:55,657   pi_pact      DEBUG      Performing scan #18 at revisit 1.
2020-07-02 11:33:56,193   pi_pact      DEBUG      Performing scan #19 at revisit 1.
2020-07-02 11:33:58,198   pi_pact      DEBUG      Performing scan #20 at revisit 1.
2020-07-02 11:34:23,073   pi_pact      DEBUG      Performing scan #21 at revisit 1.
2020-07-02 11:34:24,634   pi_pact      DEBUG      Performing scan #22 at revisit 1.
2020-07-02 11:34:25,493   pi_pact      DEBUG      Performing scan #23 at revisit 1.
2020-07-02 11:34:26,138   pi_pact      DEBUG      Performing scan #24 at revisit 1.
2020-07-02 11:34:28,143   pi_pact      DEBUG      Performing scan #25 at revisit 1.
2020-07-02 11:34:29,414   pi_pact      DEBUG      Performing scan #26 at revisit 1.
2020-07-02 11:34:30,024   pi_pact      DEBUG      Performing scan #27 at revisit 1.
2020-07-02 11:34:32,029   pi_pact      DEBUG      Performing scan #28 at revisit 1.
2020-07-02 11:34:34,029   pi_pact      DEBUG      Performing scan #29 at revisit 1.
2020-07-02 11:34:35,073   pi_pact      DEBUG      Performing scan #30 at revisit 1.
2020-07-02 11:34:36,098   pi_pact      DEBUG      Performing scan #31 at revisit 1.
2020-07-02 11:34:37,905   pi_pact      DEBUG      Performing scan #32 at revisit 1.
2020-07-02 11:34:38,009   pi_pact      DEBUG      Performing scan #33 at revisit 1.
2020-07-02 11:34:39,200   pi_pact      DEBUG      Performing scan #34 at revisit 1.
2020-07-02 11:34:40,247   pi_pact      DEBUG      Performing scan #35 at revisit 1.
2020-07-02 11:34:41,271   pi_pact      DEBUG      Performing scan #36 at revisit 1.
2020-07-02 11:34:42,013   pi_pact      DEBUG      Performing scan #37 at revisit 1.
2020-07-02 11:34:44,019   pi_pact      DEBUG      Performing scan #38 at revisit 1.
2020-07-02 11:34:45,876   pi_pact      DEBUG      Performing scan #39 at revisit 1.
2020-07-02 11:34:46,096   pi_pact      DEBUG      Performing scan #40 at revisit 1.
2020-07-02 11:34:48,101   pi_pact      DEBUG      Performing scan #41 at revisit 1.
2020-07-02 11:34:49,084   pi_pact      DEBUG      Performing scan #42 at revisit 1.
2020-07-02 11:34:50,365   pi_pact      DEBUG      Performing scan #43 at revisit 1.
2020-07-02 11:34:52,369   pi_pact      DEBUG      Performing scan #44 at revisit 1.
2020-07-02 11:34:53,031   pi_pact      DEBUG      Performing scan #45 at revisit 1.
2020-07-02 11:34:54,146   pi_pact      DEBUG      Performing scan #46 at revisit 1.
2020-07-02 11:34:56,151   pi_pact      DEBUG      Performing scan #47 at revisit 1.
2020-07-02 11:34:58,157   pi_pact      DEBUG      Performing scan #48 at revisit 1.
2020-07-02 11:35:00,162   pi_pact      DEBUG      Performing scan #49 at revisit 1.
2020-07-02 11:35:02,167   pi_pact      DEBUG      Performing scan #50 at revisit 1.
2020-07-02 11:35:04,172   pi_pact      DEBUG      Performing scan #51 at revisit 1.
2020-07-02 11:35:05,808   pi_pact      DEBUG      Performing scan #52 at revisit 1.
2020-07-02 11:35:06,057   pi_pact      DEBUG      Performing scan #53 at revisit 1.
2020-07-02 11:35:07,037   pi_pact      DEBUG      Performing scan #54 at revisit 1.
2020-07-02 11:35:08,057   pi_pact      DEBUG      Performing scan #55 at revisit 1.
2020-07-02 11:35:10,062   pi_pact      DEBUG      Performing scan #56 at revisit 1.
2020-07-02 11:35:12,067   pi_pact      DEBUG      Performing scan #57 at revisit 1.
2020-07-02 11:35:13,186   pi_pact      DEBUG      Performing scan #58 at revisit 1.
2020-07-02 11:35:15,190   pi_pact      DEBUG      Performing scan #59 at revisit 1.
2020-07-02 11:35:16,780   pi_pact      DEBUG      Performing scan #60 at revisit 1.
2020-07-02 11:35:17,320   pi_pact      DEBUG      Performing scan #61 at revisit 1.
2020-07-02 11:35:18,473   pi_pact      DEBUG      Performing scan #62 at revisit 1.
2020-07-02 11:35:19,108   pi_pact      DEBUG      Performing scan #63 at revisit 1.
2020-07-02 11:35:20,786   pi_pact      DEBUG      Performing scan #64 at revisit 1.
2020-07-02 11:35:21,036   pi_pact      DEBUG      Performing scan #65 at revisit 1.
2020-07-02 11:35:22,795   pi_pact      DEBUG      Performing scan #66 at revisit 1.
2020-07-02 11:35:23,475   pi_pact      DEBUG      Performing scan #67 at revisit 1.
2020-07-02 11:35:24,024   pi_pact      DEBUG      Performing scan #68 at revisit 1.
2020-07-02 11:35:26,030   pi_pact      DEBUG      Performing scan #69 at revisit 1.
2020-07-02 11:35:27,302   pi_pact      DEBUG      Performing scan #70 at revisit 1.
2020-07-02 11:35:28,799   pi_pact      DEBUG      Performing scan #71 at revisit 1.
2020-07-02 11:35:29,824   pi_pact      DEBUG      Performing scan #72 at revisit 1.
2020-07-02 11:35:30,009   pi_pact      DEBUG      Performing scan #73 at revisit 1.
2020-07-02 11:35:31,671   pi_pact      DEBUG      Performing scan #74 at revisit 1.
2020-07-02 11:35:32,148   pi_pact      DEBUG      Performing scan #75 at revisit 1.
2020-07-02 11:35:34,153   pi_pact      DEBUG      Performing scan #76 at revisit 1.
2020-07-02 11:35:36,158   pi_pact      DEBUG      Performing scan #77 at revisit 1.
2020-07-02 11:35:38,163   pi_pact      DEBUG      Performing scan #78 at revisit 1.
2020-07-02 11:35:40,168   pi_pact      DEBUG      Performing scan #79 at revisit 1.
2020-07-02 11:35:42,173   pi_pact      DEBUG      Performing scan #80 at revisit 1.
2020-07-02 11:35:43,011   pi_pact      DEBUG      Performing scan #81 at revisit 1.
2020-07-02 11:35:45,016   pi_pact      DEBUG      Performing scan #82 at revisit 1.
2020-07-02 11:35:46,829   pi_pact      DEBUG      Performing scan #83 at revisit 1.
2020-07-02 11:35:47,136   pi_pact      DEBUG      Performing scan #84 at revisit 1.
2020-07-02 11:35:48,839   pi_pact      DEBUG      Performing scan #85 at revisit 1.
2020-07-02 11:35:49,031   pi_pact      DEBUG      Performing scan #86 at revisit 1.
2020-07-02 11:35:50,397   pi_pact      DEBUG      Performing scan #87 at revisit 1.
2020-07-02 11:35:52,401   pi_pact      DEBUG      Performing scan #88 at revisit 1.
2020-07-02 11:35:53,326   pi_pact      DEBUG      Performing scan #89 at revisit 1.
2020-07-02 11:35:54,092   pi_pact      DEBUG      Performing scan #90 at revisit 1.
2020-07-02 11:35:56,097   pi_pact      DEBUG      Performing scan #91 at revisit 1.
2020-07-02 11:35:57,578   pi_pact      DEBUG      Performing scan #92 at revisit 1.
2020-07-02 11:35:58,027   pi_pact      DEBUG      Performing scan #93 at revisit 1.
2020-07-02 11:36:00,032   pi_pact      DEBUG      Performing scan #94 at revisit 1.
2020-07-02 11:36:02,036   pi_pact      DEBUG      Performing scan #95 at revisit 1.
2020-07-02 11:36:03,101   pi_pact      DEBUG      Performing scan #96 at revisit 1.
2020-07-02 11:36:04,370   pi_pact      DEBUG      Performing scan #97 at revisit 1.
2020-07-02 11:36:06,375   pi_pact      DEBUG      Performing scan #98 at revisit 1.
2020-07-02 11:36:07,394   pi_pact      DEBUG      Performing scan #99 at revisit 1.
2020-07-02 11:36:08,172   pi_pact      DEBUG      Performing scan #100 at revisit 1.
2020-07-02 11:36:10,178   pi_pact      DEBUG      Performing scan #101 at revisit 1.
2020-07-02 11:36:12,183   pi_pact      DEBUG      Performing scan #102 at revisit 1.
2020-07-02 11:36:13,686   pi_pact      DEBUG      Performing scan #103 at revisit 1.
2020-07-02 11:36:14,052   pi_pact      DEBUG      Performing scan #104 at revisit 1.
2020-07-02 11:36:16,057   pi_pact      DEBUG      Performing scan #105 at revisit 1.
2020-07-02 11:36:18,062   pi_pact      DEBUG      Performing scan #106 at revisit 1.
2020-07-02 11:36:19,089   pi_pact      DEBUG      Performing scan #107 at revisit 1.
2020-07-02 11:36:20,107   pi_pact      DEBUG      Performing scan #108 at revisit 1.
2020-07-02 11:36:21,143   pi_pact      DEBUG      Performing scan #109 at revisit 1.
2020-07-02 11:36:22,172   pi_pact      DEBUG      Performing scan #110 at revisit 1.
2020-07-02 11:36:24,177   pi_pact      DEBUG      Performing scan #111 at revisit 1.
2020-07-02 11:36:25,308   pi_pact      DEBUG      Performing scan #112 at revisit 1.
2020-07-02 11:36:26,267   pi_pact      DEBUG      Performing scan #113 at revisit 1.
2020-07-02 11:36:27,302   pi_pact      DEBUG      Performing scan #114 at revisit 1.
2020-07-02 11:36:28,448   pi_pact      DEBUG      Performing scan #115 at revisit 1.
2020-07-02 11:38:58,016   pi_pact      DEBUG      Beacon configuration - {'control_file': 'advertiser_control', 'timeout': 0.0, 'uuid': '', 'major': 1, 'minor': 1, 'tx_power': 1, 'interval': 200}
2020-07-02 11:38:58,017   pi_pact      DEBUG      Scanner configuration - {'control_file': 'scanner_control', 'scan_prefix': 'pi_pact_scan', 'timeout': 0.0, 'revisit': 1, 'filters': {}}
2020-07-02 11:38:58,017   pi_pact      INFO       Beacon scanner mode selected.
2020-07-02 11:38:58,019   pi_pact      DEBUG      Using default beacon scanner configuration timeout: None.
2020-07-02 11:38:58,019   pi_pact      DEBUG      Using default beacon scanner configuration filters: {}.
2020-07-02 11:38:58,019   pi_pact      INFO       Initialized beacon scanner.
2020-07-02 11:38:58,022   pi_pact      INFO       Starting beacon scanner with timeout None.
2020-07-02 11:38:58,023   pi_pact      DEBUG      Performing scan #1 at revisit 1.
2020-07-02 11:38:59,311   pi_pact      DEBUG      Performing scan #2 at revisit 1.
2020-07-02 11:39:01,314   pi_pact      DEBUG      Performing scan #3 at revisit 1.
2020-07-02 11:39:02,161   pi_pact      DEBUG      Performing scan #4 at revisit 1.
2020-07-02 11:39:03,317   pi_pact      DEBUG      Performing scan #5 at revisit 1.
2020-07-02 11:39:05,323   pi_pact      DEBUG      Performing scan #6 at revisit 1.
2020-07-02 11:39:06,063   pi_pact      DEBUG      Performing scan #7 at revisit 1.
2020-07-02 11:39:07,307   pi_pact      DEBUG      Performing scan #8 at revisit 1.
2020-07-02 11:39:09,108   pi_pact      DEBUG      Performing scan #9 at revisit 1.
2020-07-02 11:39:10,123   pi_pact      DEBUG      Performing scan #10 at revisit 1.
2020-07-02 11:39:11,338   pi_pact      DEBUG      Performing scan #11 at revisit 1.
2020-07-02 11:39:12,009   pi_pact      DEBUG      Performing scan #12 at revisit 1.
2020-07-02 11:39:13,002   pi_pact      DEBUG      Performing scan #13 at revisit 1.
2020-07-02 11:39:15,007   pi_pact      DEBUG      Performing scan #14 at revisit 1.
2020-07-02 11:39:17,013   pi_pact      DEBUG      Performing scan #15 at revisit 1.
2020-07-02 11:39:19,018   pi_pact      DEBUG      Performing scan #16 at revisit 1.
2020-07-02 11:39:21,023   pi_pact      DEBUG      Performing scan #17 at revisit 1.
2020-07-02 11:39:22,079   pi_pact      DEBUG      Performing scan #18 at revisit 1.
2020-07-02 11:39:23,355   pi_pact      DEBUG      Performing scan #19 at revisit 1.
2020-07-02 11:39:25,361   pi_pact      DEBUG      Performing scan #20 at revisit 1.
2020-07-02 11:39:26,141   pi_pact      DEBUG      Performing scan #21 at revisit 1.
2020-07-02 11:39:27,367   pi_pact      DEBUG      Performing scan #22 at revisit 1.
2020-07-02 11:39:29,372   pi_pact      DEBUG      Performing scan #23 at revisit 1.
2020-07-02 11:39:31,373   pi_pact      DEBUG      Performing scan #24 at revisit 1.
2020-07-02 11:39:32,066   pi_pact      DEBUG      Performing scan #25 at revisit 1.
2020-07-02 11:39:33,204   pi_pact      DEBUG      Performing scan #26 at revisit 1.
2020-07-02 11:39:34,447   pi_pact      DEBUG      Performing scan #27 at revisit 1.
2020-07-02 11:39:35,142   pi_pact      DEBUG      Performing scan #28 at revisit 1.
2020-07-02 11:39:36,160   pi_pact      DEBUG      Performing scan #29 at revisit 1.
2020-07-02 11:39:37,036   pi_pact      DEBUG      Performing scan #30 at revisit 1.
2020-07-02 11:39:39,041   pi_pact      DEBUG      Performing scan #31 at revisit 1.
2020-07-02 11:39:41,046   pi_pact      DEBUG      Performing scan #32 at revisit 1.
2020-07-02 11:39:42,213   pi_pact      DEBUG      Performing scan #33 at revisit 1.
2020-07-02 11:39:43,292   pi_pact      DEBUG      Performing scan #34 at revisit 1.
2020-07-02 11:39:45,297   pi_pact      DEBUG      Performing scan #35 at revisit 1.
2020-07-02 11:39:47,302   pi_pact      DEBUG      Performing scan #36 at revisit 1.
2020-07-02 11:39:49,307   pi_pact      DEBUG      Performing scan #37 at revisit 1.
2020-07-02 11:39:50,111   pi_pact      DEBUG      Performing scan #38 at revisit 1.
2020-07-02 11:39:51,412   pi_pact      DEBUG      Performing scan #39 at revisit 1.
2020-07-02 11:39:52,015   pi_pact      DEBUG      Performing scan #40 at revisit 1.
2020-07-02 11:39:53,418   pi_pact      DEBUG      Performing scan #41 at revisit 1.
2020-07-02 11:39:55,419   pi_pact      DEBUG      Performing scan #42 at revisit 1.
2020-07-02 11:39:56,206   pi_pact      DEBUG      Performing scan #43 at revisit 1.
2020-07-02 11:43:19,135   pi_pact      DEBUG      Beacon configuration - {'control_file': 'advertiser_control', 'timeout': None, 'uuid': '', 'major': 1, 'minor': 1, 'tx_power': 1, 'interval': 200}
2020-07-02 11:43:19,135   pi_pact      DEBUG      Scanner configuration - {'control_file': 'scanner_control', 'scan_prefix': 'pi_pact_scan', 'timeout': None, 'revisit': 1, 'filters': {}}
2020-07-02 11:43:19,135   pi_pact      INFO       Beacon advertiser mode selected.
2020-07-02 11:43:19,137   pi_pact      DEBUG      Using default beacon advertiser configuration timeout: None.
2020-07-02 11:43:19,137   pi_pact      DEBUG      Using default beacon advertiser configuration uuid: .
2020-07-02 11:43:19,138   pi_pact      DEBUG      Beacon advertiser UUID set to c097184e-bc7a-11ea-a5a2-dca63233afb9
2020-07-02 11:43:19,138   pi_pact      INFO       Initialized beacon advertiser.
2020-07-02 11:43:19,140   pi_pact      INFO       Starting beacon advertiser with timeout None.
2020-07-02 11:52:29,078   pi_pact      DEBUG      Beacon configuration - {'control_file': 'advertiser_control', 'timeout': 0.0, 'uuid': '', 'major': 1, 'minor': 1, 'tx_power': 1, 'interval': 200}
2020-07-02 11:52:29,080   pi_pact      DEBUG      Scanner configuration - {'control_file': 'scanner_control', 'scan_prefix': 'pi_pact_scan', 'timeout': 0.0, 'revisit': 1, 'filters': {}}
2020-07-02 11:52:29,082   pi_pact      INFO       Beacon scanner mode selected.
2020-07-02 11:52:29,087   pi_pact      DEBUG      Using default beacon scanner configuration timeout: None.
2020-07-02 11:52:29,087   pi_pact      DEBUG      Using default beacon scanner configuration filters: {}.
2020-07-02 11:52:29,088   pi_pact      INFO       Initialized beacon scanner.
2020-07-02 11:52:29,090   pi_pact      INFO       Starting beacon scanner with timeout None.
2020-07-02 11:52:29,091   pi_pact      DEBUG      Performing scan #1 at revisit 1.
2020-07-02 11:52:30,536   pi_pact      DEBUG      Performing scan #2 at revisit 1.
2020-07-02 11:52:31,038   pi_pact      DEBUG      Performing scan #3 at revisit 1.
2020-07-02 11:52:33,043   pi_pact      DEBUG      Performing scan #4 at revisit 1.
2020-07-02 11:52:35,048   pi_pact      DEBUG      Performing scan #5 at revisit 1.
2020-07-02 11:52:37,053   pi_pact      DEBUG      Performing scan #6 at revisit 1.
2020-07-02 11:52:39,058   pi_pact      DEBUG      Performing scan #7 at revisit 1.
2020-07-02 11:52:41,063   pi_pact      DEBUG      Performing scan #8 at revisit 1.
2020-07-02 11:52:43,058   pi_pact      DEBUG      Performing scan #9 at revisit 1.
2020-07-02 11:52:45,063   pi_pact      DEBUG      Performing scan #10 at revisit 1.
2020-07-02 11:52:46,917   pi_pact      DEBUG      Performing scan #11 at revisit 1.
2020-07-02 11:52:47,014   pi_pact      DEBUG      Performing scan #12 at revisit 1.
2020-07-02 11:52:49,020   pi_pact      DEBUG      Performing scan #13 at revisit 1.
2020-07-02 11:52:51,025   pi_pact      DEBUG      Performing scan #14 at revisit 1.
2020-07-02 11:52:53,030   pi_pact      DEBUG      Performing scan #15 at revisit 1.
2020-07-02 11:52:54,045   pi_pact      DEBUG      Performing scan #16 at revisit 1.
2020-07-02 11:52:56,051   pi_pact      DEBUG      Performing scan #17 at revisit 1.
2020-07-02 11:52:57,122   pi_pact      DEBUG      Performing scan #18 at revisit 1.
2020-07-02 11:52:58,663   pi_pact      DEBUG      Performing scan #19 at revisit 1.
2020-07-02 11:52:59,157   pi_pact      DEBUG      Performing scan #20 at revisit 1.
2020-07-02 11:53:00,695   pi_pact      DEBUG      Performing scan #21 at revisit 1.
2020-07-02 11:53:01,062   pi_pact      DEBUG      Performing scan #22 at revisit 1.
2020-07-02 11:53:02,254   pi_pact      DEBUG      Performing scan #23 at revisit 1.
2020-07-02 11:53:03,062   pi_pact      DEBUG      Performing scan #24 at revisit 1.
2020-07-02 11:53:05,067   pi_pact      DEBUG      Performing scan #25 at revisit 1.
2020-07-02 11:53:06,282   pi_pact      DEBUG      Performing scan #26 at revisit 1.
2020-07-02 11:53:07,424   pi_pact      DEBUG      Performing scan #27 at revisit 1.
2020-07-02 11:53:09,145   pi_pact      DEBUG      Performing scan #28 at revisit 1.
2020-07-02 11:53:11,150   pi_pact      DEBUG      Performing scan #29 at revisit 1.
2020-07-02 11:53:13,154   pi_pact      DEBUG      Performing scan #30 at revisit 1.
2020-07-02 11:53:14,121   pi_pact      DEBUG      Performing scan #31 at revisit 1.
2020-07-02 11:53:15,104   pi_pact      DEBUG      Performing scan #32 at revisit 1.
2020-07-02 11:58:21,823   pi_pact      DEBUG      Beacon configuration - {'control_file': 'advertiser_control', 'timeout': 0.0, 'uuid': '', 'major': 1, 'minor': 1, 'tx_power': 1, 'interval': 200}
2020-07-02 11:58:21,825   pi_pact      DEBUG      Scanner configuration - {'control_file': 'scanner_control', 'scan_prefix': 'pi_pact_scan', 'timeout': 0.0, 'revisit': 1, 'filters': {}}
2020-07-02 11:58:21,828   pi_pact      INFO       Beacon scanner mode selected.
2020-07-02 11:58:21,837   pi_pact      DEBUG      Using default beacon scanner configuration timeout: None.
2020-07-02 11:58:21,837   pi_pact      DEBUG      Using default beacon scanner configuration filters: {}.
2020-07-02 11:58:21,837   pi_pact      INFO       Initialized beacon scanner.
2020-07-02 11:58:21,838   pi_pact      INFO       Starting beacon scanner with timeout None.
2020-07-02 11:58:21,839   pi_pact      DEBUG      Performing scan #1 at revisit 1.
2020-07-02 11:58:22,055   pi_pact      DEBUG      Performing scan #2 at revisit 1.
2020-07-02 11:58:23,546   pi_pact      DEBUG      Performing scan #3 at revisit 1.
2020-07-02 11:58:24,045   pi_pact      DEBUG      Performing scan #4 at revisit 1.
2020-07-02 11:58:26,049   pi_pact      DEBUG      Performing scan #5 at revisit 1.
2020-07-02 11:58:27,550   pi_pact      DEBUG      Performing scan #6 at revisit 1.
2020-07-02 11:58:28,282   pi_pact      DEBUG      Performing scan #7 at revisit 1.
2020-07-02 11:58:30,288   pi_pact      DEBUG      Performing scan #8 at revisit 1.
2020-07-02 11:58:31,003   pi_pact      DEBUG      Performing scan #9 at revisit 1.
2020-07-02 11:58:32,378   pi_pact      DEBUG      Performing scan #10 at revisit 1.
2020-07-02 11:58:34,024   pi_pact      DEBUG      Performing scan #11 at revisit 1.
2020-07-02 11:58:35,123   pi_pact      DEBUG      Performing scan #12 at revisit 1.
2020-07-02 11:58:37,128   pi_pact      DEBUG      Performing scan #13 at revisit 1.
2020-07-02 11:58:38,028   pi_pact      DEBUG      Performing scan #14 at revisit 1.
2020-07-02 11:58:40,033   pi_pact      DEBUG      Performing scan #15 at revisit 1.
2020-07-02 11:58:41,047   pi_pact      DEBUG      Performing scan #16 at revisit 1.
2020-07-02 11:58:43,052   pi_pact      DEBUG      Performing scan #17 at revisit 1.
2020-07-02 11:58:44,396   pi_pact      DEBUG      Performing scan #18 at revisit 1.
2020-07-02 11:58:45,938   pi_pact      DEBUG      Performing scan #19 at revisit 1.
2020-07-02 11:58:46,057   pi_pact      DEBUG      Performing scan #20 at revisit 1.
2020-07-02 11:58:47,215   pi_pact      DEBUG      Performing scan #21 at revisit 1.
2020-07-02 11:58:48,317   pi_pact      DEBUG      Performing scan #22 at revisit 1.
2020-07-02 11:58:49,029   pi_pact      DEBUG      Performing scan #23 at revisit 1.
2020-07-02 11:58:50,310   pi_pact      DEBUG      Performing scan #24 at revisit 1.
2020-07-02 11:58:51,054   pi_pact      DEBUG      Performing scan #25 at revisit 1.
2020-07-02 11:58:53,059   pi_pact      DEBUG      Performing scan #26 at revisit 1.
2020-07-02 11:58:54,936   pi_pact      DEBUG      Performing scan #27 at revisit 1.
2020-07-02 11:58:55,049   pi_pact      DEBUG      Performing scan #28 at revisit 1.
2020-07-02 11:58:57,054   pi_pact      DEBUG      Performing scan #29 at revisit 1.
2020-07-02 11:58:58,027   pi_pact      DEBUG      Performing scan #30 at revisit 1.
2020-07-02 11:59:00,032   pi_pact      DEBUG      Performing scan #31 at revisit 1.
2020-07-02 11:59:01,132   pi_pact      DEBUG      Performing scan #32 at revisit 1.
2020-07-02 11:59:02,527   pi_pact      DEBUG      Performing scan #33 at revisit 1.
2020-07-02 11:59:03,190   pi_pact      DEBUG      Performing scan #34 at revisit 1.
2020-07-02 11:59:05,195   pi_pact      DEBUG      Performing scan #35 at revisit 1.
2020-07-02 11:59:07,200   pi_pact      DEBUG      Performing scan #36 at revisit 1.
2020-07-02 11:59:08,747   pi_pact      DEBUG      Performing scan #37 at revisit 1.
2020-07-02 11:59:09,165   pi_pact      DEBUG      Performing scan #38 at revisit 1.
2020-07-02 11:59:10,270   pi_pact      DEBUG      Performing scan #39 at revisit 1.
2020-07-02 11:59:11,015   pi_pact      DEBUG      Performing scan #40 at revisit 1.
2020-07-02 11:59:12,240   pi_pact      DEBUG      Performing scan #41 at revisit 1.
2020-07-02 11:59:13,005   pi_pact      DEBUG      Performing scan #42 at revisit 1.
2020-07-02 11:59:14,032   pi_pact      DEBUG      Performing scan #43 at revisit 1.
2020-07-02 11:59:15,647   pi_pact      DEBUG      Performing scan #44 at revisit 1.
2020-07-02 11:59:16,270   pi_pact      DEBUG      Performing scan #45 at revisit 1.
2020-07-02 11:59:17,650   pi_pact      DEBUG      Performing scan #46 at revisit 1.
2020-07-02 11:59:18,677   pi_pact      DEBUG      Performing scan #47 at revisit 1.
2020-07-02 11:59:19,186   pi_pact      DEBUG      Performing scan #48 at revisit 1.
2020-07-02 11:59:21,191   pi_pact      DEBUG      Beacon scanner control flag set to stop.
2020-07-02 11:59:21,192   pi_pact      INFO       Stopping beacon scanner.
